<?xml version="1.0" encoding="UTF-8"?>
<!-- Generated by org.testng.reporters.JUnitReportReporter -->
<testsuite hostname="Bhumikas-MacBook-Pro.local" failures="0" tests="4" name="com.maven.test.HelloTest" time="0.003" errors="0" timestamp="2022-04-11T20:57:55 IST" skipped="0">
  <testcase classname="com.maven.test.HelloTest" name="Sum" time="0.003"/>
  <system-out/>
  <testcase classname="com.maven.test.HelloTest" name="Subtraction" time="0.000"/>
  <system-out/>
  <testcase classname="com.maven.test.HelloTest" name="Multiplication" time="0.000"/>
  <system-out/>
  <testcase classname="com.maven.test.HelloTest" name="Division" time="0.000"/>
  <system-out/>
</testsuite> <!-- com.maven.test.HelloTest -->
